<?xml version="1.0" encoding="UTF-8"?>
<!-- Generated by org.testng.reporters.JUnitReportReporter -->
<testsuite hostname="LAPTOP-MB7DGVQG" failures="0" tests="1" name="com.stc.SeleniumTest.SearchTest" time="4.406" errors="0" timestamp="2024-12-14T18:18:14 IST" skipped="0">
  <testcase classname="com.stc.SeleniumTest.SearchTest" name="f" time="4.406"/>
</testsuite> <!-- com.stc.SeleniumTest.SearchTest -->
